<?xml version="1.0" encoding="UTF-8"?>
<testng-results ignored="0" total="3" passed="3" failed="0" skipped="0">
  <reporter-output>
  </reporter-output>
  <suite started-at="2022-07-03T17:06:39 EDT" name="Default suite" finished-at="2022-07-03T17:06:44 EDT" duration-ms="5030">
    <groups>
    </groups>
    <test started-at="2022-07-03T17:06:39 EDT" name="Default test" finished-at="2022-07-03T17:06:44 EDT" duration-ms="5030">
      <class name="priorites.P1">
        <test-method is-config="true" signature="enterURL()[pri:0, instance:priorites.P1@31368b99]" started-at="2022-07-03T17:06:39 EDT" name="enterURL" finished-at="2022-07-03T17:06:41 EDT" duration-ms="1832" status="PASS">
          <reporter-output>
          </reporter-output>
        </test-method> <!-- enterURL -->
        <test-method signature="login()[pri:0, instance:priorites.P1@31368b99]" started-at="2022-07-03T17:06:41 EDT" name="login" finished-at="2022-07-03T17:06:41 EDT" duration-ms="306" status="PASS">
          <reporter-output>
          </reporter-output>
        </test-method> <!-- login -->
        <test-method is-config="true" signature="closeBrowser()[pri:0, instance:priorites.P1@31368b99]" started-at="2022-07-03T17:06:41 EDT" name="closeBrowser" finished-at="2022-07-03T17:06:41 EDT" duration-ms="248" status="PASS">
          <reporter-output>
          </reporter-output>
        </test-method> <!-- closeBrowser -->
        <test-method is-config="true" signature="enterURL()[pri:0, instance:priorites.P1@31368b99]" started-at="2022-07-03T17:06:41 EDT" name="enterURL" finished-at="2022-07-03T17:06:42 EDT" duration-ms="1046" status="PASS">
          <reporter-output>
          </reporter-output>
        </test-method> <!-- enterURL -->
        <test-method signature="getLogo()[pri:0, instance:priorites.P1@31368b99]" started-at="2022-07-03T17:06:42 EDT" name="getLogo" finished-at="2022-07-03T17:06:42 EDT" depends-on-methods="priorites.P1.login" duration-ms="47" status="PASS">
          <reporter-output>
          </reporter-output>
        </test-method> <!-- getLogo -->
        <test-method is-config="true" signature="closeBrowser()[pri:0, instance:priorites.P1@31368b99]" started-at="2022-07-03T17:06:42 EDT" name="closeBrowser" finished-at="2022-07-03T17:06:42 EDT" duration-ms="209" status="PASS">
          <reporter-output>
          </reporter-output>
        </test-method> <!-- closeBrowser -->
        <test-method is-config="true" signature="enterURL()[pri:0, instance:priorites.P1@31368b99]" started-at="2022-07-03T17:06:42 EDT" name="enterURL" finished-at="2022-07-03T17:06:43 EDT" duration-ms="1059" status="PASS">
          <reporter-output>
          </reporter-output>
        </test-method> <!-- enterURL -->
        <test-method signature="getTiltle()[pri:0, instance:priorites.P1@31368b99]" started-at="2022-07-03T17:06:43 EDT" name="getTiltle" finished-at="2022-07-03T17:06:43 EDT" depends-on-methods="priorites.P1.login" duration-ms="7" status="PASS">
          <reporter-output>
          </reporter-output>
        </test-method> <!-- getTiltle -->
        <test-method is-config="true" signature="closeBrowser()[pri:0, instance:priorites.P1@31368b99]" started-at="2022-07-03T17:06:43 EDT" name="closeBrowser" finished-at="2022-07-03T17:06:44 EDT" duration-ms="232" status="PASS">
          <reporter-output>
          </reporter-output>
        </test-method> <!-- closeBrowser -->
      </class> <!-- priorites.P1 -->
    </test> <!-- Default test -->
  </suite> <!-- Default suite -->
</testng-results>
